<?xml version="1.0" encoding="UTF-8"?>
<!-- Generated by org.testng.reporters.JUnitReportReporter -->
<testsuite hostname="weimin" name="jenkinsbaidu.loginutil" tests="1" failures="0" timestamp="18 Mar 2019 01:34:48 GMT" time="2.101" errors="0">
  <testcase name="baidu" time="2.101" classname="jenkinsbaidu.loginutil"/>
</testsuite> <!-- jenkinsbaidu.loginutil -->
